<?xml version="1.0" encoding="UTF-8"?>
<testng-results ignored="0" total="6" passed="6" failed="0" skipped="0">
  <reporter-output>
  </reporter-output>
  <suite started-at="2023-07-05T22:05:16 IST" name="Suite" finished-at="2023-07-05T22:08:50 IST" duration-ms="213842">
    <groups>
    </groups>
    <test started-at="2023-07-05T22:05:16 IST" name="Test" finished-at="2023-07-05T22:08:50 IST" duration-ms="213842">
      <class name="testNGDemo.TestNGGoogleTest">
        <test-method is-config="true" signature="setup()[pri:0, instance:testNGDemo.TestNGGoogleTest@2d901eb0]" started-at="2023-07-05T22:05:16 IST" name="setup" finished-at="2023-07-05T22:05:49 IST" duration-ms="33521" status="PASS">
          <reporter-output>
          </reporter-output>
        </test-method> <!-- setup -->
        <test-method signature="googleTitleTest()[pri:0, instance:testNGDemo.TestNGGoogleTest@2d901eb0]" started-at="2023-07-05T22:05:49 IST" name="googleTitleTest" finished-at="2023-07-05T22:05:50 IST" duration-ms="66" status="PASS">
          <reporter-output>
          </reporter-output>
        </test-method> <!-- googleTitleTest -->
        <test-method is-config="true" signature="close()[pri:0, instance:testNGDemo.TestNGGoogleTest@2d901eb0]" started-at="2023-07-05T22:05:50 IST" name="close" finished-at="2023-07-05T22:05:51 IST" duration-ms="1216" status="PASS">
          <reporter-output>
          </reporter-output>
        </test-method> <!-- close -->
        <test-method is-config="true" signature="setup()[pri:0, instance:testNGDemo.TestNGGoogleTest@2d901eb0]" started-at="2023-07-05T22:05:51 IST" name="setup" finished-at="2023-07-05T22:05:59 IST" duration-ms="8327" status="PASS">
          <reporter-output>
          </reporter-output>
        </test-method> <!-- setup -->
        <test-method signature="logoTest()[pri:0, instance:testNGDemo.TestNGGoogleTest@2d901eb0]" started-at="2023-07-05T22:05:59 IST" name="logoTest" finished-at="2023-07-05T22:05:59 IST" duration-ms="136" status="PASS">
          <reporter-output>
          </reporter-output>
        </test-method> <!-- logoTest -->
        <test-method is-config="true" signature="close()[pri:0, instance:testNGDemo.TestNGGoogleTest@2d901eb0]" started-at="2023-07-05T22:05:59 IST" name="close" finished-at="2023-07-05T22:06:00 IST" duration-ms="872" status="PASS">
          <reporter-output>
          </reporter-output>
        </test-method> <!-- close -->
        <test-method is-config="true" signature="setup()[pri:0, instance:testNGDemo.TestNGGoogleTest@2d901eb0]" started-at="2023-07-05T22:06:00 IST" name="setup" finished-at="2023-07-05T22:06:09 IST" duration-ms="9175" status="PASS">
          <reporter-output>
          </reporter-output>
        </test-method> <!-- setup -->
        <test-method signature="searchBox()[pri:0, instance:testNGDemo.TestNGGoogleTest@2d901eb0]" started-at="2023-07-05T22:06:09 IST" name="searchBox" finished-at="2023-07-05T22:06:39 IST" duration-ms="29281" status="PASS">
          <reporter-output>
          </reporter-output>
        </test-method> <!-- searchBox -->
        <test-method is-config="true" signature="close()[pri:0, instance:testNGDemo.TestNGGoogleTest@2d901eb0]" started-at="2023-07-05T22:06:39 IST" name="close" finished-at="2023-07-05T22:06:40 IST" duration-ms="966" status="PASS">
          <reporter-output>
          </reporter-output>
        </test-method> <!-- close -->
      </class> <!-- testNGDemo.TestNGGoogleTest -->
      <class name="testNGDemo.DataProviderToExcel">
        <test-method signature="LoginTest(java.lang.String,java.lang.String)[pri:0, instance:testNGDemo.DataProviderToExcel@433defed]" started-at="2023-07-05T22:06:43 IST" name="LoginTest" data-provider="getData" finished-at="2023-07-05T22:07:34 IST" duration-ms="50600" status="PASS">
          <params>
            <param index="0">
              <value>
                <![CDATA[admin]]>
              </value>
            </param>
            <param index="1">
              <value>
                <![CDATA[admin123]]>
              </value>
            </param>
          </params>
          <reporter-output>
          </reporter-output>
        </test-method> <!-- LoginTest -->
        <test-method signature="LoginTest(java.lang.String,java.lang.String)[pri:0, instance:testNGDemo.DataProviderToExcel@433defed]" started-at="2023-07-05T22:07:34 IST" name="LoginTest" data-provider="getData" finished-at="2023-07-05T22:07:54 IST" duration-ms="19666" status="PASS">
          <params>
            <param index="0">
              <value>
                <![CDATA[admine1]]>
              </value>
            </param>
            <param index="1">
              <value>
                <![CDATA[3455]]>
              </value>
            </param>
          </params>
          <reporter-output>
          </reporter-output>
        </test-method> <!-- LoginTest -->
        <test-method signature="LoginTest(java.lang.String,java.lang.String)[pri:0, instance:testNGDemo.DataProviderToExcel@433defed]" started-at="2023-07-05T22:07:54 IST" name="LoginTest" data-provider="getData" finished-at="2023-07-05T22:08:50 IST" duration-ms="55999" status="PASS">
          <params>
            <param index="0">
              <value>
                <![CDATA[admine2]]>
              </value>
            </param>
            <param index="1">
              <value>
                <![CDATA[admin3333]]>
              </value>
            </param>
          </params>
          <reporter-output>
          </reporter-output>
        </test-method> <!-- LoginTest -->
      </class> <!-- testNGDemo.DataProviderToExcel -->
    </test> <!-- Test -->
  </suite> <!-- Suite -->
</testng-results>
