<?xml version="1.0" encoding="UTF-8"?>
<!-- Generated by org.testng.reporters.JUnitXMLReporter -->
<testsuite ignored="0" hostname="Karuna-Temp85" failures="0" tests="6" name="Test" time="213.842" errors="0" timestamp="2023-07-05T22:08:50 IST">
  <testcase classname="testNGDemo.TestNGGoogleTest" name="googleTitleTest" time="0.066"/>
  <testcase classname="testNGDemo.TestNGGoogleTest" name="logoTest" time="0.136"/>
  <testcase classname="testNGDemo.TestNGGoogleTest" name="searchBox" time="29.281"/>
  <testcase classname="testNGDemo.DataProviderToExcel" name="LoginTest" time="50.6"/>
  <testcase classname="testNGDemo.DataProviderToExcel" name="LoginTest" time="19.666"/>
  <testcase classname="testNGDemo.DataProviderToExcel" name="LoginTest" time="55.999"/>
</testsuite> <!-- Test -->
